11:33:04.587 [main] DEBUG io.netty.util.internal.PlatformDependent0 - java.nio.Bits.unaligned: available, true
11:33:04.607 [main] DEBUG io.netty.util.internal.PlatformDependent0 - jdk.internal.misc.Unsafe.allocateUninitializedArray(int): unavailable
java.lang.IllegalAccessException: class io.netty.util.internal.PlatformDependent0$7 cannot access class jdk.internal.misc.Unsafe (in module java.base) because module java.base does not export jdk.internal.misc to unnamed module @234bef66
	at jdk.internal.reflect.Reflection.newIllegalAccessException(Reflection.java:392) ~[?:?]
	at java.lang.reflect.AccessibleObject.checkAccess(AccessibleObject.java:674) ~[?:?]
	at java.lang.reflect.Method.invoke(Method.java:560) ~[?:?]
	at io.netty.util.internal.PlatformDependent0$7.run(PlatformDependent0.java:411) ~[netty-common-4.1.96.Final.jar:4.1.96.Final]
	at java.security.AccessController.doPrivileged(AccessController.java:318) ~[?:?]
	at io.netty.util.internal.PlatformDependent0.<clinit>(PlatformDependent0.java:402) ~[netty-common-4.1.96.Final.jar:4.1.96.Final]
	at io.netty.util.internal.PlatformDependent.isAndroid(PlatformDependent.java:333) ~[netty-common-4.1.96.Final.jar:4.1.96.Final]
	at io.netty.util.internal.PlatformDependent.<clinit>(PlatformDependent.java:88) ~[netty-common-4.1.96.Final.jar:4.1.96.Final]
	at io.netty.util.HashedWheelTimer.<init>(HashedWheelTimer.java:114) ~[netty-common-4.1.96.Final.jar:4.1.96.Final]
	at io.netty.util.HashedWheelTimer.<init>(HashedWheelTimer.java:251) ~[netty-common-4.1.96.Final.jar:4.1.96.Final]
	at io.netty.util.HashedWheelTimer.<init>(HashedWheelTimer.java:224) ~[netty-common-4.1.96.Final.jar:4.1.96.Final]
	at io.netty.util.HashedWheelTimer.<init>(HashedWheelTimer.java:203) ~[netty-common-4.1.96.Final.jar:4.1.96.Final]
	at org.asynchttpclient.DefaultAsyncHttpClient.newNettyTimer(DefaultAsyncHttpClient.java:111) ~[async-http-client-2.12.3.jar:?]
	at org.asynchttpclient.DefaultAsyncHttpClient.<init>(DefaultAsyncHttpClient.java:90) ~[async-http-client-2.12.3.jar:?]
	at org.asynchttpclient.Dsl.asyncHttpClient(Dsl.java:32) ~[async-http-client-2.12.3.jar:?]
	at org.openqa.selenium.remote.http.netty.NettyClient.createHttpClient(NettyClient.java:91) ~[selenium-remote-driver-4.12.1.jar:?]
	at org.openqa.selenium.remote.http.netty.NettyClient.<clinit>(NettyClient.java:43) ~[selenium-remote-driver-4.12.1.jar:?]
	at org.openqa.selenium.remote.http.netty.NettyClient$Factory.createClient(NettyClient.java:124) ~[selenium-remote-driver-4.12.1.jar:?]
	at org.openqa.selenium.remote.HttpCommandExecutor.<init>(HttpCommandExecutor.java:115) ~[selenium-remote-driver-4.12.1.jar:?]
	at org.openqa.selenium.remote.HttpCommandExecutor.<init>(HttpCommandExecutor.java:92) ~[selenium-remote-driver-4.12.1.jar:?]
	at org.openqa.selenium.remote.service.DriverCommandExecutor.<init>(DriverCommandExecutor.java:89) ~[selenium-remote-driver-4.12.1.jar:?]
	at org.openqa.selenium.chromium.ChromiumDriverCommandExecutor.<init>(ChromiumDriverCommandExecutor.java:43) ~[selenium-chromium-driver-4.12.1.jar:?]
	at org.openqa.selenium.chrome.ChromeDriver$ChromeDriverCommandExecutor.<init>(ChromeDriver.java:115) ~[selenium-chrome-driver-4.12.1.jar:?]
	at org.openqa.selenium.chrome.ChromeDriver.generateExecutor(ChromeDriver.java:105) ~[selenium-chrome-driver-4.12.1.jar:?]
	at org.openqa.selenium.chrome.ChromeDriver.<init>(ChromeDriver.java:88) ~[selenium-chrome-driver-4.12.1.jar:?]
	at org.openqa.selenium.chrome.ChromeDriver.<init>(ChromeDriver.java:83) ~[selenium-chrome-driver-4.12.1.jar:?]
	at org.openqa.selenium.chrome.ChromeDriver.<init>(ChromeDriver.java:51) ~[selenium-chrome-driver-4.12.1.jar:?]
	at resources.Base.intializerDriver(Base.java:37) ~[classes/:?]
	at stepdefinition.Login.open_any_browser(Login.java:24) ~[test-classes/:?]
	at jdk.internal.reflect.NativeMethodAccessorImpl.invoke0(Native Method) ~[?:?]
	at jdk.internal.reflect.NativeMethodAccessorImpl.invoke(NativeMethodAccessorImpl.java:77) ~[?:?]
	at jdk.internal.reflect.DelegatingMethodAccessorImpl.invoke(DelegatingMethodAccessorImpl.java:43) ~[?:?]
	at java.lang.reflect.Method.invoke(Method.java:568) ~[?:?]
	at io.cucumber.java.Invoker.doInvoke(Invoker.java:66) ~[cucumber-java-7.12.0.jar:7.12.0]
	at io.cucumber.java.Invoker.invoke(Invoker.java:24) ~[cucumber-java-7.12.0.jar:7.12.0]
	at io.cucumber.java.AbstractGlueDefinition.invokeMethod(AbstractGlueDefinition.java:47) ~[cucumber-java-7.12.0.jar:7.12.0]
	at io.cucumber.java.JavaHookDefinition.execute(JavaHookDefinition.java:64) ~[cucumber-java-7.12.0.jar:7.12.0]
	at io.cucumber.core.runner.CoreHookDefinition.execute(CoreHookDefinition.java:46) ~[cucumber-core-7.12.0.jar:7.12.0]
	at io.cucumber.core.runner.HookDefinitionMatch.runStep(HookDefinitionMatch.java:21) ~[cucumber-core-7.12.0.jar:7.12.0]
	at io.cucumber.core.runner.ExecutionMode$1.execute(ExecutionMode.java:10) ~[cucumber-core-7.12.0.jar:7.12.0]
	at io.cucumber.core.runner.TestStep.executeStep(TestStep.java:84) ~[cucumber-core-7.12.0.jar:7.12.0]
	at io.cucumber.core.runner.TestStep.run(TestStep.java:56) ~[cucumber-core-7.12.0.jar:7.12.0]
	at io.cucumber.core.runner.TestCase.run(TestCase.java:78) ~[cucumber-core-7.12.0.jar:7.12.0]
	at io.cucumber.core.runner.Runner.runPickle(Runner.java:75) ~[cucumber-core-7.12.0.jar:7.12.0]
	at io.cucumber.testng.TestNGCucumberRunner.lambda$runScenario$1(TestNGCucumberRunner.java:132) ~[cucumber-testng-7.12.0.jar:7.12.0]
	at io.cucumber.core.runtime.CucumberExecutionContext.lambda$runTestCase$5(CucumberExecutionContext.java:137) ~[cucumber-core-7.12.0.jar:7.12.0]
	at io.cucumber.core.runtime.RethrowingThrowableCollector.executeAndThrow(RethrowingThrowableCollector.java:23) ~[cucumber-core-7.12.0.jar:7.12.0]
	at io.cucumber.core.runtime.CucumberExecutionContext.runTestCase(CucumberExecutionContext.java:137) ~[cucumber-core-7.12.0.jar:7.12.0]
	at io.cucumber.testng.TestNGCucumberRunner.runScenario(TestNGCucumberRunner.java:129) ~[cucumber-testng-7.12.0.jar:7.12.0]
	at io.cucumber.testng.AbstractTestNGCucumberTests.runScenario(AbstractTestNGCucumberTests.java:35) ~[cucumber-testng-7.12.0.jar:7.12.0]
	at jdk.internal.reflect.NativeMethodAccessorImpl.invoke0(Native Method) ~[?:?]
	at jdk.internal.reflect.NativeMethodAccessorImpl.invoke(NativeMethodAccessorImpl.java:77) ~[?:?]
	at jdk.internal.reflect.DelegatingMethodAccessorImpl.invoke(DelegatingMethodAccessorImpl.java:43) ~[?:?]
	at java.lang.reflect.Method.invoke(Method.java:568) ~[?:?]
	at org.testng.internal.invokers.MethodInvocationHelper.invokeMethod(MethodInvocationHelper.java:139) ~[testng-7.7.0.jar:7.7.0]
	at org.testng.internal.invokers.TestInvoker.invokeMethod(TestInvoker.java:677) ~[testng-7.7.0.jar:7.7.0]
	at org.testng.internal.invokers.TestInvoker.invokeTestMethod(TestInvoker.java:221) ~[testng-7.7.0.jar:7.7.0]
	at org.testng.internal.invokers.MethodRunner.runInSequence(MethodRunner.java:50) ~[testng-7.7.0.jar:7.7.0]
	at org.testng.internal.invokers.TestInvoker$MethodInvocationAgent.invoke(TestInvoker.java:969) ~[testng-7.7.0.jar:7.7.0]
	at org.testng.internal.invokers.TestInvoker.invokeTestMethods(TestInvoker.java:194) ~[testng-7.7.0.jar:7.7.0]
	at org.testng.internal.invokers.TestMethodWorker.invokeTestMethods(TestMethodWorker.java:148) ~[testng-7.7.0.jar:7.7.0]
	at org.testng.internal.invokers.TestMethodWorker.run(TestMethodWorker.java:128) ~[testng-7.7.0.jar:7.7.0]
	at java.util.ArrayList.forEach(ArrayList.java:1511) [?:?]
	at org.testng.TestRunner.privateRun(TestRunner.java:829) [testng-7.7.0.jar:7.7.0]
	at org.testng.TestRunner.run(TestRunner.java:602) [testng-7.7.0.jar:7.7.0]
	at org.testng.SuiteRunner.runTest(SuiteRunner.java:437) [testng-7.7.0.jar:7.7.0]
	at org.testng.SuiteRunner.runSequentially(SuiteRunner.java:431) [testng-7.7.0.jar:7.7.0]
	at org.testng.SuiteRunner.privateRun(SuiteRunner.java:391) [testng-7.7.0.jar:7.7.0]
	at org.testng.SuiteRunner.run(SuiteRunner.java:330) [testng-7.7.0.jar:7.7.0]
	at org.testng.SuiteRunnerWorker.runSuite(SuiteRunnerWorker.java:52) [testng-7.7.0.jar:7.7.0]
	at org.testng.SuiteRunnerWorker.run(SuiteRunnerWorker.java:95) [testng-7.7.0.jar:7.7.0]
	at org.testng.TestNG.runSuitesSequentially(TestNG.java:1256) [testng-7.7.0.jar:7.7.0]
	at org.testng.TestNG.runSuitesLocally(TestNG.java:1176) [testng-7.7.0.jar:7.7.0]
	at org.testng.TestNG.runSuites(TestNG.java:1099) [testng-7.7.0.jar:7.7.0]
	at org.testng.TestNG.run(TestNG.java:1067) [testng-7.7.0.jar:7.7.0]
	at org.testng.remote.AbstractRemoteTestNG.run(AbstractRemoteTestNG.java:115) [testng-remote.jar:?]
	at org.testng.remote.RemoteTestNG.initAndRun(RemoteTestNG.java:251) [testng-remote.jar:?]
	at org.testng.remote.RemoteTestNG.main(RemoteTestNG.java:77) [testng-remote.jar:?]
11:33:04.616 [main] DEBUG io.netty.util.internal.PlatformDependent0 - java.nio.DirectByteBuffer.<init>(long, {int,long}): unavailable
11:33:04.616 [main] DEBUG io.netty.util.internal.PlatformDependent - sun.misc.Unsafe: available
11:33:04.617 [main] DEBUG io.netty.util.internal.PlatformDependent - maxDirectMemory: 2118123520 bytes (maybe)
11:33:04.618 [main] DEBUG io.netty.util.internal.PlatformDependent - -Dio.netty.tmpdir: C:\Users\Bharath\AppData\Local\Temp (java.io.tmpdir)
11:33:04.619 [main] DEBUG io.netty.util.internal.PlatformDependent - -Dio.netty.bitMode: 64 (sun.arch.data.model)
11:33:04.620 [main] DEBUG io.netty.util.internal.PlatformDependent - Platform: Windows
11:33:04.623 [main] DEBUG io.netty.util.internal.PlatformDependent - -Dio.netty.maxDirectMemory: -1 bytes
11:33:04.624 [main] DEBUG io.netty.util.internal.PlatformDependent - -Dio.netty.uninitializedArrayAllocationThreshold: -1
11:33:04.628 [main] DEBUG io.netty.util.internal.CleanerJava9 - java.nio.ByteBuffer.cleaner(): available
11:33:04.628 [main] DEBUG io.netty.util.internal.PlatformDependent - -Dio.netty.noPreferDirect: false
11:33:04.657 [main] DEBUG io.netty.util.internal.PlatformDependent - org.jctools-core.MpscChunkedArrayQueue: available
